<?xml version="1.0" encoding="UTF-8"?>
<testng-results ignored="0" total="1" passed="1" failed="0" skipped="0">
  <reporter-output>
  </reporter-output>
  <suite started-at="2025-04-11T00:20:11 IST" name="LoginSuite" finished-at="2025-04-11T00:20:15 IST" duration-ms="3340">
    <groups>
    </groups>
    <test started-at="2025-04-11T00:20:11 IST" name="LoginTests" finished-at="2025-04-11T00:20:15 IST" duration-ms="3340">
      <class name="tests.LoginTest">
        <test-method is-config="true" signature="setUp()[pri:0, instance:tests.LoginTest@67f639d3]" started-at="2025-04-11T00:20:11 IST" name="setUp" finished-at="2025-04-11T00:20:14 IST" duration-ms="2800" status="PASS">
          <reporter-output>
          </reporter-output>
        </test-method> <!-- setUp -->
        <test-method signature="testValidLogin()[pri:0, instance:tests.LoginTest@67f639d3]" started-at="2025-04-11T00:20:14 IST" name="testValidLogin" finished-at="2025-04-11T00:20:15 IST" duration-ms="520" status="PASS">
          <reporter-output>
          </reporter-output>
        </test-method> <!-- testValidLogin -->
        <test-method is-config="true" signature="teardown()[pri:0, instance:tests.LoginTest@67f639d3]" started-at="2025-04-11T00:20:15 IST" name="teardown" finished-at="2025-04-11T00:20:15 IST" duration-ms="0" status="PASS">
          <reporter-output>
          </reporter-output>
        </test-method> <!-- teardown -->
      </class> <!-- tests.LoginTest -->
    </test> <!-- LoginTests -->
  </suite> <!-- LoginSuite -->
</testng-results>
